#-----------------------------------------------------------
# Vivado v2018.2 (64-bit)
# SW Build 2258646 on Thu Jun 14 20:03:12 MDT 2018
# IP Build 2256618 on Thu Jun 14 22:10:49 MDT 2018
# Start of session at: Wed Jul 29 17:41:16 2020
# Process ID: 3944
# Current directory: C:/Users/13553/Desktop/xilinx_pro/drawsnake
# Command line: vivado.exe -gui_launcher_event rodinguilauncherevent5116 C:\Users\13553\Desktop\xilinx_pro\drawsnake\Lab_13.xpr
# Log file: C:/Users/13553/Desktop/xilinx_pro/drawsnake/vivado.log
# Journal file: C:/Users/13553/Desktop/xilinx_pro/drawsnake\vivado.jou
#-----------------------------------------------------------
start_gui
open_project C:/Users/13553/Desktop/xilinx_pro/drawsnake/Lab_13.xpr
CRITICAL WARNING: [Project 1-19] Could not find the file 'C:/Users/13553/Desktop/xilinx_pro/matlab/SEU_Picture_R_Rom.coe'.
CRITICAL WARNING: [Project 1-19] Could not find the file 'C:/Users/13553/Desktop/xilinx_pro/matlab/SEU_Picture_B_Rom.coe'.
CRITICAL WARNING: [Project 1-19] Could not find the file 'C:/Users/13553/Desktop/xilinx_pro/matlab/SEU_Picture_G_Rom.coe'.
Scanning sources...
Finished scanning sources
INFO: [IP_Flow 19-234] Refreshing IP repositories
INFO: [IP_Flow 19-1700] Loaded user IP repository 'd:/QQ_File/FPGA/SEA-Tutorial/IP_Core/HDMI-IP'.
INFO: [IP_Flow 19-1700] Loaded user IP repository 'd:/QQ_File/FPGA/SEA-Tutorial/IP_Core/Frequency-Divider-IP'.
INFO: [IP_Flow 19-2313] Loaded Vivado IP repository 'D:/Vivado2018.2/Vivado/2018.2/data/ip'.
open_project: Time (s): cpu = 00:00:14 ; elapsed = 00:00:08 . Memory (MB): peak = 855.223 ; gain = 142.563
update_compile_order -fileset sources_1
export_ip_user_files -of_objects  [get_files C:/Users/13553/Desktop/xilinx_pro/matlab/SEU_Picture_B_Rom.coe] -no_script -reset -force -quiet
remove_files  C:/Users/13553/Desktop/xilinx_pro/matlab/SEU_Picture_B_Rom.coe
export_ip_user_files -of_objects  [get_files C:/Users/13553/Desktop/xilinx_pro/matlab/SEU_Picture_G_Rom.coe] -no_script -reset -force -quiet
remove_files  C:/Users/13553/Desktop/xilinx_pro/matlab/SEU_Picture_G_Rom.coe
export_ip_user_files -of_objects  [get_files C:/Users/13553/Desktop/xilinx_pro/matlab/SEU_Picture_R_Rom.coe] -no_script -reset -force -quiet
remove_files  C:/Users/13553/Desktop/xilinx_pro/matlab/SEU_Picture_R_Rom.coe
reset_run synth_1
launch_runs synth_1 -jobs 8
[Wed Jul 29 17:42:30 2020] Launched synth_1...
Run output will be captured here: C:/Users/13553/Desktop/xilinx_pro/drawsnake/Lab_13.runs/synth_1/runme.log
launch_runs impl_1 -to_step write_bitstream -jobs 8
[Wed Jul 29 17:43:26 2020] Launched impl_1...
Run output will be captured here: C:/Users/13553/Desktop/xilinx_pro/drawsnake/Lab_13.runs/impl_1/runme.log
open_hw
connect_hw_server
INFO: [Labtools 27-2285] Connecting to hw_server url TCP:localhost:3121
INFO: [Labtools 27-2222] Launching hw_server...
INFO: [Labtools 27-2221] Launch Output:

****** Xilinx hw_server v2018.2
  **** Build date : Jun 14 2018-20:42:52
    ** Copyright 1986-2018 Xilinx, Inc. All Rights Reserved.


open_hw_target
INFO: [Labtoolstcl 44-466] Opening hw_target localhost:3121/xilinx_tcf/Digilent/210251A08870
set_property PROGRAM.FILE {C:/Users/13553/Desktop/xilinx_pro/drawsnake/Lab_13.runs/impl_1/Lab_13.bit} [get_hw_devices xc7s25_0]
current_hw_device [get_hw_devices xc7s25_0]
refresh_hw_device -update_hw_probes false [lindex [get_hw_devices xc7s25_0] 0]
INFO: [Labtools 27-1434] Device xc7s25 (JTAG device index = 0) is programmed with a design that has no supported debug core(s) in it.
WARNING: [Labtools 27-3361] The debug hub core was not detected.
Resolution: 
1. Make sure the clock connected to the debug hub (dbg_hub) core is a free running clock and is active.
2. Make sure the BSCAN_SWITCH_USER_MASK device property in Vivado Hardware Manager reflects the user scan chain setting in the design and refresh the device.  To determine the user scan chain setting in the design, open the implemented design and use 'get_property C_USER_SCAN_CHAIN [get_debug_cores dbg_hub]'.
For more details on setting the scan chain property, consult the Vivado Debug and Programming User Guide (UG908).
set_property PROBES.FILE {} [get_hw_devices xc7s25_0]
set_property FULL_PROBES.FILE {} [get_hw_devices xc7s25_0]
set_property PROGRAM.FILE {C:/Users/13553/Desktop/xilinx_pro/drawsnake/Lab_13.runs/impl_1/Lab_13.bit} [get_hw_devices xc7s25_0]
program_hw_devices [get_hw_devices xc7s25_0]
INFO: [Labtools 27-3164] End of startup status: HIGH
refresh_hw_device [lindex [get_hw_devices xc7s25_0] 0]
INFO: [Labtools 27-1434] Device xc7s25 (JTAG device index = 0) is programmed with a design that has no supported debug core(s) in it.
WARNING: [Labtools 27-3361] The debug hub core was not detected.
Resolution: 
1. Make sure the clock connected to the debug hub (dbg_hub) core is a free running clock and is active.
2. Make sure the BSCAN_SWITCH_USER_MASK device property in Vivado Hardware Manager reflects the user scan chain setting in the design and refresh the device.  To determine the user scan chain setting in the design, open the implemented design and use 'get_property C_USER_SCAN_CHAIN [get_debug_cores dbg_hub]'.
For more details on setting the scan chain property, consult the Vivado Debug and Programming User Guide (UG908).
close_hw
exit
INFO: [Common 17-206] Exiting Vivado at Wed Jul 29 18:03:39 2020...
